Change Component Designator: Old Designator=C1 New Designator=C?
Change Component Designator: Old Designator=C2 New Designator=C?
Change Component Designator: Old Designator=C3 New Designator=C?
Change Component Designator: Old Designator=C4 New Designator=C?
Change Component Designator: Old Designator=D1 New Designator=D?
Change Component Designator: Old Designator=D2 New Designator=D?
Change Component Designator: Old Designator=FB1 New Designator=FB?
Change Component Designator: Old Designator=IO1 New Designator=IO?
Change Component Designator: Old Designator=IO2 New Designator=IO?
Change Component Designator: Old Designator=IO3 New Designator=IO?
Change Component Designator: Old Designator=IO4 New Designator=IO?
Change Component Designator: Old Designator=IO5 New Designator=IO?
Change Component Designator: Old Designator=IO6 New Designator=IO?
Change Component Designator: Old Designator=IO7 New Designator=IO?
Change Component Designator: Old Designator=IO8 New Designator=IO?
Change Component Designator: Old Designator=IO9 New Designator=IO?
Change Component Designator: Old Designator=IO10 New Designator=IO?
Change Component Designator: Old Designator=IO11 New Designator=IO?
Change Component Designator: Old Designator=J1 New Designator=J?
Change Component Designator: Old Designator=P1 New Designator=P?
Change Component Designator: Old Designator=P2 New Designator=P?
Change Component Designator: Old Designator=P3 New Designator=P?
Change Component Designator: Old Designator=R1 New Designator=R?
Change Component Designator: Old Designator=R2 New Designator=R?
Change Component Designator: Old Designator=R3 New Designator=R?
Change Component Designator: Old Designator=R4 New Designator=R?
Change Component Designator: Old Designator=U1 New Designator=U?
Change Component Designator: Old Designator=U2 New Designator=U?
