Removed Pin From Net: NetName=NetP64_1 Pin=P64-1
Removed Pin From Net: NetName=NetP65_1 Pin=P65-1
Removed Pin From Net: NetName=NetP66_1 Pin=P66-1
Removed Pin From Net: NetName=NetP67_1 Pin=P67-1
Removed Member From Class: ClassName=Reed Switches Member=P64
Removed Member From Class: ClassName=Reed Switches Member=P65
Removed Member From Class: ClassName=Reed Switches Member=P66
Removed Member From Class: ClassName=Reed Switches Member=P67
Added Pin To Net: NetName=GND Pin=R54-1
Added Pin To Net: NetName=GND Pin=R55-1
Added Pin To Net: NetName=GND Pin=R56-1
Added Pin To Net: NetName=GND Pin=R57-1
Added Pin To Net: NetName=GND Pin=R58-1
Added Pin To Net: NetName=GND Pin=R59-1
Added Pin To Net: NetName=GND Pin=R60-1
Added Pin To Net: NetName=GND Pin=R61-1
Added Pin To Net: NetName=+3V3 Pin=SW38-2
Added Pin To Net: NetName=+3V3 Pin=SW48-2
Change Net Name : Old Net Name=NetP64_1 New Net Name=NetR66_2
Change Net Name : Old Net Name=NetP65_1 New Net Name=NetR67_2
Change Net Name : Old Net Name=NetP66_1 New Net Name=NetR68_2
Change Net Name : Old Net Name=NetP67_1 New Net Name=NetR69_2
