Added Component: Designator=U2(ESPRESSIF_ESP32-DEVKITC-32UE)
Add component (AddParameter): Name = "Category"; Value = "RF Semiconductors and Devices"; VariantName = "[No Variations]"
Add component (AddParameter): Name = "ComponentLink1Description"; Value = "https://www.espressif.com/sites/default/files/documentation/espressif_products_ordering_information_en.pdf?src-supplier=Digikey"; VariantName = "[No Variations]"
Add component (AddParameter): Name = "ComponentLink1URL"; Value = "https://www.espressif.com/sites/default/files/documentation/espressif_products_ordering_information_en.pdf?src-supplier=Digikey"; VariantName = "[No Variations]"
Add component (AddParameter): Name = "ComponentLink2Description"; Value = "https://datasheet.octopart.com/ESP32-DEVKITC-32UE-Espressif-Systems-datasheet-165560559.pdf?src-supplier=TME"; VariantName = "[No Variations]"
Add component (AddParameter): Name = "ComponentLink2URL"; Value = "https://datasheet.octopart.com/ESP32-DEVKITC-32UE-Espressif-Systems-datasheet-165560559.pdf?src-supplier=TME"; VariantName = "[No Variations]"
Add component (AddParameter): Name = "Manufacturer"; Value = "Espressif Systems"; VariantName = "[No Variations]"
Add component (AddParameter): Name = "Manufacturer Part Number"; Value = "ESP32-DEVKITC-32UE"; VariantName = "[No Variations]"
Add component (AddParameter): Name = "Pricing"; Value = "1=10 (USD)"; VariantName = "[No Variations]"
Add component (AddParameter): Name = "RoHS"; Value = "No"; VariantName = "[No Variations]"
Add component (AddParameter): Name = "Stock"; Value = "498"; VariantName = "[No Variations]"
Add component (AddParameter): Name = "Supplier"; Value = "Digikey"; VariantName = "[No Variations]"
Add component (AddParameter): Name = "Supplier Part Number"; Value = "1965-ESP32-DEVKITC-32UE-ND"; VariantName = "[No Variations]"
Added Pin To Net: NetName=NetC5_2 Pin=U2-1
Added Pin To Net: NetName=NetU2_7 Pin=U2-7
Added Pin To Net: NetName=NetU2_8 Pin=U2-8
Added Pin To Net: NetName=NetU2_9 Pin=U2-9
Added Pin To Net: NetName=NetU2_10 Pin=U2-10
Added Pin To Net: NetName=RST_BRD Pin=U2-11
Added Pin To Net: NetName=CP Pin=U2-12
Added Pin To Net: NetName=nPE Pin=U2-13
Added Pin To Net: NetName=GND Pin=U2-14
Added Pin To Net: NetName=NetU2_15 Pin=U2-15
Added Pin To Net: NetName=GND Pin=U2-18
Added Pin To Net: NetName=GPIO_4 Pin=U2-26
Added Pin To Net: NetName=GPIO_3 Pin=U2-27
Added Pin To Net: NetName=GPIO_2 Pin=U2-28
Added Pin To Net: NetName=GPIO_1 Pin=U2-29
Added Pin To Net: NetName=GND Pin=U2-32
Added Pin To Net: NetName=GND Pin=U2-38
Added Member To Class: ClassName=Microcontroller and Power Management Member=Component U2 ESP32 Dev. Board
